{
  "uid" : "4594d5f837b992c3",
  "name" : "文件管理模块功能点测试",
  "fullName" : "scripts.test04_management.TestManagement#test_add_management",
  "historyId" : "2fe120b14a48b53ae20724bd83148dd6",
  "time" : {
    "start" : 1608862520809,
    "stop" : 1608862520809,
    "duration" : 0
  },
  "description" : "此条用例针对资料管理模块下文件管理模块的增删改查测试",
  "descriptionHtml" : "<p>此条用例针对资料管理模块下文件管理模块的增删改查测试</p>\n",
  "status" : "broken",
  "statusMessage" : "selenium.common.exceptions.TimeoutException: Message:",
  "statusTrace" : "self = <class 'test04_management.TestManagement'>\n\n    def setup_class(self):\n        # 获取driver\n        self.driver = GetDriver().get_driver()\n        # 实例化 PageKnowledgeBase页面\n        self.management = Management(self.driver)\n        # 调用成功登录 依赖\n>       PageLogin(self.driver).page_login()\n\ntest04_management.py:20: \n_ _ _ _ _ _ _ _ _ _ _ _ _ _ _ _ _ _ _ _ _ _ _ _ _ _ _ _ _ _ _ _ _ _ _ _ _ _ _ _\n..\\page\\page_login.py:67: in page_login\n    self.page_input_username(username)\n..\\page\\page_login.py:19: in page_input_username\n    self.base_input(page.login_username ,username)\n..\\base\\base.py:33: in base_input\n    el = self.base_find(loc)\n..\\base\\base.py:20: in base_find\n    return WebDriverWait(self.driver,\n_ _ _ _ _ _ _ _ _ _ _ _ _ _ _ _ _ _ _ _ _ _ _ _ _ _ _ _ _ _ _ _ _ _ _ _ _ _ _ _\n\nself = <selenium.webdriver.support.wait.WebDriverWait (session=\"bf788ce12abece10bef94cad998bf0d5\")>\nmethod = <function Base.base_find.<locals>.<lambda> at 0x000001D7F07D70D0>\nmessage = ''\n\n    def until(self, method, message=''):\n        \"\"\"Calls the method provided with the driver as an argument until the \\\n        return value is not False.\"\"\"\n        screen = None\n        stacktrace = None\n    \n        end_time = time.time() + self._timeout\n        while True:\n            try:\n                value = method(self._driver)\n                if value:\n                    return value\n            except self._ignored_exceptions as exc:\n                screen = getattr(exc, 'screen', None)\n                stacktrace = getattr(exc, 'stacktrace', None)\n            time.sleep(self._poll)\n            if time.time() > end_time:\n                break\n>       raise TimeoutException(message, screen, stacktrace)\nE       selenium.common.exceptions.TimeoutException: Message:\n\nC:\\Users\\GUO\\AppData\\Local\\Programs\\Python\\Python38\\lib\\site-packages\\selenium\\webdriver\\support\\wait.py:80: TimeoutException",
  "flaky" : false,
  "newFailed" : false,
  "beforeStages" : [ {
    "name" : "_Class__pytest_setup_class",
    "time" : {
      "start" : 1608862520810,
      "stop" : 1608862551289,
      "duration" : 30479
    },
    "status" : "broken",
    "statusMessage" : "selenium.common.exceptions.TimeoutException: Message: \n\n",
    "statusTrace" : "  File \"C:\\Users\\GUO\\AppData\\Local\\Programs\\Python\\Python38\\lib\\site-packages\\pluggy\\callers.py\", line 187, in _multicall\n    res = hook_impl.function(*args)\n  File \"C:\\Users\\GUO\\AppData\\Local\\Programs\\Python\\Python38\\lib\\site-packages\\_pytest\\fixtures.py\", line 1124, in pytest_fixture_setup\n    result = call_fixture_func(fixturefunc, request, kwargs)\n  File \"C:\\Users\\GUO\\AppData\\Local\\Programs\\Python\\Python38\\lib\\site-packages\\_pytest\\fixtures.py\", line 921, in call_fixture_func\n    fixture_result = next(generator)\n  File \"C:\\Users\\GUO\\AppData\\Local\\Programs\\Python\\Python38\\lib\\site-packages\\_pytest\\python.py\", line 799, in xunit_setup_class_fixture\n    _call_with_optional_argument(func, self.obj)\n  File \"C:\\Users\\GUO\\AppData\\Local\\Programs\\Python\\Python38\\lib\\site-packages\\_pytest\\python.py\", line 732, in _call_with_optional_argument\n    func(arg)\n  File \"F:\\cim\\scripts\\test04_management.py\", line 20, in setup_class\n    PageLogin(self.driver).page_login()\n  File \"F:\\cim\\page\\page_login.py\", line 67, in page_login\n    self.page_input_username(username)\n  File \"C:\\Users\\GUO\\AppData\\Local\\Programs\\Python\\Python38\\lib\\site-packages\\allure_commons\\_allure.py\", line 172, in impl\n    return func(*a, **kw)\n  File \"F:\\cim\\page\\page_login.py\", line 19, in page_input_username\n    self.base_input(page.login_username ,username)\n  File \"F:\\cim\\base\\base.py\", line 33, in base_input\n    el = self.base_find(loc)\n  File \"F:\\cim\\base\\base.py\", line 20, in base_find\n    return WebDriverWait(self.driver,\n  File \"C:\\Users\\GUO\\AppData\\Local\\Programs\\Python\\Python38\\lib\\site-packages\\selenium\\webdriver\\support\\wait.py\", line 80, in until\n    raise TimeoutException(message, screen, stacktrace)\n",
    "steps" : [ {
      "name" : "输入用户名",
      "time" : {
        "start" : 1608862520811,
        "stop" : 1608862551288,
        "duration" : 30477
      },
      "status" : "broken",
      "statusMessage" : "selenium.common.exceptions.TimeoutException: Message: \n\n",
      "statusTrace" : "  File \"C:\\Users\\GUO\\AppData\\Local\\Programs\\Python\\Python38\\lib\\site-packages\\allure_commons\\_allure.py\", line 172, in impl\n    return func(*a, **kw)\n  File \"F:\\cim\\page\\page_login.py\", line 19, in page_input_username\n    self.base_input(page.login_username ,username)\n  File \"F:\\cim\\base\\base.py\", line 33, in base_input\n    el = self.base_find(loc)\n  File \"F:\\cim\\base\\base.py\", line 20, in base_find\n    return WebDriverWait(self.driver,\n  File \"C:\\Users\\GUO\\AppData\\Local\\Programs\\Python\\Python38\\lib\\site-packages\\selenium\\webdriver\\support\\wait.py\", line 80, in until\n    raise TimeoutException(message, screen, stacktrace)\n",
      "steps" : [ ],
      "attachments" : [ ],
      "parameters" : [ {
        "name" : "username",
        "value" : "'admin'"
      } ],
      "attachmentsCount" : 0,
      "shouldDisplayMessage" : true,
      "stepsCount" : 0,
      "hasContent" : true
    } ],
    "attachments" : [ ],
    "parameters" : [ ],
    "attachmentsCount" : 0,
    "shouldDisplayMessage" : false,
    "stepsCount" : 1,
    "hasContent" : true
  } ],
  "testStage" : {
    "description" : "此条用例针对资料管理模块下文件管理模块的增删改查测试",
    "status" : "broken",
    "statusMessage" : "selenium.common.exceptions.TimeoutException: Message:",
    "statusTrace" : "self = <class 'test04_management.TestManagement'>\n\n    def setup_class(self):\n        # 获取driver\n        self.driver = GetDriver().get_driver()\n        # 实例化 PageKnowledgeBase页面\n        self.management = Management(self.driver)\n        # 调用成功登录 依赖\n>       PageLogin(self.driver).page_login()\n\ntest04_management.py:20: \n_ _ _ _ _ _ _ _ _ _ _ _ _ _ _ _ _ _ _ _ _ _ _ _ _ _ _ _ _ _ _ _ _ _ _ _ _ _ _ _\n..\\page\\page_login.py:67: in page_login\n    self.page_input_username(username)\n..\\page\\page_login.py:19: in page_input_username\n    self.base_input(page.login_username ,username)\n..\\base\\base.py:33: in base_input\n    el = self.base_find(loc)\n..\\base\\base.py:20: in base_find\n    return WebDriverWait(self.driver,\n_ _ _ _ _ _ _ _ _ _ _ _ _ _ _ _ _ _ _ _ _ _ _ _ _ _ _ _ _ _ _ _ _ _ _ _ _ _ _ _\n\nself = <selenium.webdriver.support.wait.WebDriverWait (session=\"bf788ce12abece10bef94cad998bf0d5\")>\nmethod = <function Base.base_find.<locals>.<lambda> at 0x000001D7F07D70D0>\nmessage = ''\n\n    def until(self, method, message=''):\n        \"\"\"Calls the method provided with the driver as an argument until the \\\n        return value is not False.\"\"\"\n        screen = None\n        stacktrace = None\n    \n        end_time = time.time() + self._timeout\n        while True:\n            try:\n                value = method(self._driver)\n                if value:\n                    return value\n            except self._ignored_exceptions as exc:\n                screen = getattr(exc, 'screen', None)\n                stacktrace = getattr(exc, 'stacktrace', None)\n            time.sleep(self._poll)\n            if time.time() > end_time:\n                break\n>       raise TimeoutException(message, screen, stacktrace)\nE       selenium.common.exceptions.TimeoutException: Message:\n\nC:\\Users\\GUO\\AppData\\Local\\Programs\\Python\\Python38\\lib\\site-packages\\selenium\\webdriver\\support\\wait.py:80: TimeoutException",
    "steps" : [ ],
    "attachments" : [ {
      "uid" : "5eefeb007389ed4d",
      "name" : "log",
      "source" : "5eefeb007389ed4d.txt",
      "type" : "text/plain",
      "size" : 709
    } ],
    "parameters" : [ ],
    "attachmentsCount" : 1,
    "shouldDisplayMessage" : true,
    "stepsCount" : 0,
    "hasContent" : true
  },
  "afterStages" : [ ],
  "labels" : [ {
    "name" : "story",
    "value" : "资料管理"
  }, {
    "name" : "feature",
    "value" : "绿色数字城市CIM基础平台"
  }, {
    "name" : "parentSuite",
    "value" : "scripts"
  }, {
    "name" : "suite",
    "value" : "test04_management"
  }, {
    "name" : "subSuite",
    "value" : "TestManagement"
  }, {
    "name" : "host",
    "value" : "Gxl"
  }, {
    "name" : "thread",
    "value" : "13316-MainThread"
  }, {
    "name" : "framework",
    "value" : "pytest"
  }, {
    "name" : "language",
    "value" : "cpython3"
  }, {
    "name" : "package",
    "value" : "scripts.test04_management"
  }, {
    "name" : "resultFormat",
    "value" : "allure2"
  } ],
  "parameters" : [ ],
  "links" : [ ],
  "hidden" : true,
  "retry" : true,
  "extra" : {
    "categories" : [ ],
    "tags" : [ ]
  },
  "source" : "4594d5f837b992c3.json",
  "parameterValues" : [ ]
}