{
  "uid" : "3282f126dbdf467d",
  "name" : "输入正确用户名和密码登录测试",
  "fullName" : "scripts.test01_login.TestLogin#test_login",
  "historyId" : "da50f1c40c781833d7dee8883b25d655",
  "time" : {
    "start" : 1609300129664,
    "stop" : 1609300178209,
    "duration" : 48545
  },
  "description" : "此条用例针对绿色数字城市CIM基础平台下登录模块测试",
  "descriptionHtml" : "<p>此条用例针对绿色数字城市CIM基础平台下登录模块测试</p>\n",
  "status" : "broken",
  "statusMessage" : "selenium.common.exceptions.TimeoutException: Message:",
  "statusTrace" : "self = <test01_login.TestLogin object at 0x000001AB76976250>, username = 'admin', pwd = 'tydt_12345', expect_result = '系统管理员'\n\n    @pytest.mark.parametrize((\"username\", \"pwd\", \"expect_result\"),[(\"admin\", \"tydt_12345\", \"系统管理员\")])\n    @allure.feature(\"绿色数字城市CIM基础平台\")\n    @allure.story(\"用户登录\")\n    @allure.title(\"输入正确用户名和密码登录测试\")\n    @allure.description(\"此条用例针对绿色数字城市CIM基础平台下登录模块测试\")\n    def test_login(self,username, pwd, expect_result):\n        # 调用登录方法\n        self.login.page_login(username, pwd)\n        # 获取登录提示信息\n>       msg = self.login.page_get_error_info()\n\nscripts\\test01_login.py:44: \n_ _ _ _ _ _ _ _ _ _ _ _ _ _ _ _ _ _ _ _ _ _ _ _ _ _ _ _ _ _ _ _ _ _ _ _ _ _ _ _ _ _ _ _ _ _ _ _ _ _ _ _ _ _ _ _ _ _ _ _ _ _ _ _ _ _ _ _ _ _ _ _ _ _ _ _ _ _ _ _ _ _ _ _ _ _ _ _ _ _ _ _ _ _ _ _ _ _ _ _ _ _ _ _ _ _ _ _ _ _ _ _ _ _ _ _\npage\\page_login.py:54: in page_get_error_info\n    return self.base_get_text(page.login_err_info)\nbase\\base.py:44: in base_get_text\n    return self.base_find(loc).text\nbase\\base.py:20: in base_find\n    return WebDriverWait(self.driver,\n_ _ _ _ _ _ _ _ _ _ _ _ _ _ _ _ _ _ _ _ _ _ _ _ _ _ _ _ _ _ _ _ _ _ _ _ _ _ _ _ _ _ _ _ _ _ _ _ _ _ _ _ _ _ _ _ _ _ _ _ _ _ _ _ _ _ _ _ _ _ _ _ _ _ _ _ _ _ _ _ _ _ _ _ _ _ _ _ _ _ _ _ _ _ _ _ _ _ _ _ _ _ _ _ _ _ _ _ _ _ _ _ _ _ _ _\n\nself = <selenium.webdriver.support.wait.WebDriverWait (session=\"c08c21e6d10af2e74039bcacbab8b41d\")>, method = <function Base.base_find.<locals>.<lambda> at 0x000001AB76A661F0>, message = ''\n\n    def until(self, method, message=''):\n        \"\"\"Calls the method provided with the driver as an argument until the \\\n        return value is not False.\"\"\"\n        screen = None\n        stacktrace = None\n    \n        end_time = time.time() + self._timeout\n        while True:\n            try:\n                value = method(self._driver)\n                if value:\n                    return value\n            except self._ignored_exceptions as exc:\n                screen = getattr(exc, 'screen', None)\n                stacktrace = getattr(exc, 'stacktrace', None)\n            time.sleep(self._poll)\n            if time.time() > end_time:\n                break\n>       raise TimeoutException(message, screen, stacktrace)\nE       selenium.common.exceptions.TimeoutException: Message:\n\nc:\\users\\guo\\appdata\\local\\programs\\python\\python38\\lib\\site-packages\\selenium\\webdriver\\support\\wait.py:80: TimeoutException",
  "flaky" : false,
  "newFailed" : false,
  "beforeStages" : [ {
    "name" : "_Class__pytest_setup_class",
    "time" : {
      "start" : 1609300122903,
      "stop" : 1609300129663,
      "duration" : 6760
    },
    "status" : "passed",
    "steps" : [ ],
    "attachments" : [ ],
    "parameters" : [ ],
    "stepsCount" : 0,
    "hasContent" : false,
    "attachmentsCount" : 0,
    "shouldDisplayMessage" : false
  } ],
  "testStage" : {
    "description" : "此条用例针对绿色数字城市CIM基础平台下登录模块测试",
    "status" : "broken",
    "statusMessage" : "selenium.common.exceptions.TimeoutException: Message:",
    "statusTrace" : "self = <test01_login.TestLogin object at 0x000001AB76976250>, username = 'admin', pwd = 'tydt_12345', expect_result = '系统管理员'\n\n    @pytest.mark.parametrize((\"username\", \"pwd\", \"expect_result\"),[(\"admin\", \"tydt_12345\", \"系统管理员\")])\n    @allure.feature(\"绿色数字城市CIM基础平台\")\n    @allure.story(\"用户登录\")\n    @allure.title(\"输入正确用户名和密码登录测试\")\n    @allure.description(\"此条用例针对绿色数字城市CIM基础平台下登录模块测试\")\n    def test_login(self,username, pwd, expect_result):\n        # 调用登录方法\n        self.login.page_login(username, pwd)\n        # 获取登录提示信息\n>       msg = self.login.page_get_error_info()\n\nscripts\\test01_login.py:44: \n_ _ _ _ _ _ _ _ _ _ _ _ _ _ _ _ _ _ _ _ _ _ _ _ _ _ _ _ _ _ _ _ _ _ _ _ _ _ _ _ _ _ _ _ _ _ _ _ _ _ _ _ _ _ _ _ _ _ _ _ _ _ _ _ _ _ _ _ _ _ _ _ _ _ _ _ _ _ _ _ _ _ _ _ _ _ _ _ _ _ _ _ _ _ _ _ _ _ _ _ _ _ _ _ _ _ _ _ _ _ _ _ _ _ _ _\npage\\page_login.py:54: in page_get_error_info\n    return self.base_get_text(page.login_err_info)\nbase\\base.py:44: in base_get_text\n    return self.base_find(loc).text\nbase\\base.py:20: in base_find\n    return WebDriverWait(self.driver,\n_ _ _ _ _ _ _ _ _ _ _ _ _ _ _ _ _ _ _ _ _ _ _ _ _ _ _ _ _ _ _ _ _ _ _ _ _ _ _ _ _ _ _ _ _ _ _ _ _ _ _ _ _ _ _ _ _ _ _ _ _ _ _ _ _ _ _ _ _ _ _ _ _ _ _ _ _ _ _ _ _ _ _ _ _ _ _ _ _ _ _ _ _ _ _ _ _ _ _ _ _ _ _ _ _ _ _ _ _ _ _ _ _ _ _ _\n\nself = <selenium.webdriver.support.wait.WebDriverWait (session=\"c08c21e6d10af2e74039bcacbab8b41d\")>, method = <function Base.base_find.<locals>.<lambda> at 0x000001AB76A661F0>, message = ''\n\n    def until(self, method, message=''):\n        \"\"\"Calls the method provided with the driver as an argument until the \\\n        return value is not False.\"\"\"\n        screen = None\n        stacktrace = None\n    \n        end_time = time.time() + self._timeout\n        while True:\n            try:\n                value = method(self._driver)\n                if value:\n                    return value\n            except self._ignored_exceptions as exc:\n                screen = getattr(exc, 'screen', None)\n                stacktrace = getattr(exc, 'stacktrace', None)\n            time.sleep(self._poll)\n            if time.time() > end_time:\n                break\n>       raise TimeoutException(message, screen, stacktrace)\nE       selenium.common.exceptions.TimeoutException: Message:\n\nc:\\users\\guo\\appdata\\local\\programs\\python\\python38\\lib\\site-packages\\selenium\\webdriver\\support\\wait.py:80: TimeoutException",
    "steps" : [ {
      "name" : "输入用户名",
      "time" : {
        "start" : 1609300129664,
        "stop" : 1609300129778,
        "duration" : 114
      },
      "status" : "passed",
      "steps" : [ ],
      "attachments" : [ ],
      "parameters" : [ {
        "name" : "username",
        "value" : "'admin'"
      } ],
      "stepsCount" : 0,
      "hasContent" : true,
      "attachmentsCount" : 0,
      "shouldDisplayMessage" : false
    }, {
      "name" : "输入密码",
      "time" : {
        "start" : 1609300129778,
        "stop" : 1609300129899,
        "duration" : 121
      },
      "status" : "passed",
      "steps" : [ ],
      "attachments" : [ ],
      "parameters" : [ {
        "name" : "pwd",
        "value" : "'tydt_12345'"
      } ],
      "stepsCount" : 0,
      "hasContent" : true,
      "attachmentsCount" : 0,
      "shouldDisplayMessage" : false
    }, {
      "name" : "输入验证码",
      "time" : {
        "start" : 1609300132162,
        "stop" : 1609300146660,
        "duration" : 14498
      },
      "status" : "passed",
      "steps" : [ ],
      "attachments" : [ ],
      "parameters" : [ {
        "name" : "img_path",
        "value" : "'D:/xi.png'"
      } ],
      "stepsCount" : 0,
      "hasContent" : true,
      "attachmentsCount" : 0,
      "shouldDisplayMessage" : false
    }, {
      "name" : "点击登录",
      "time" : {
        "start" : 1609300146660,
        "stop" : 1609300146734,
        "duration" : 74
      },
      "status" : "passed",
      "steps" : [ ],
      "attachments" : [ ],
      "parameters" : [ ],
      "stepsCount" : 0,
      "hasContent" : false,
      "attachmentsCount" : 0,
      "shouldDisplayMessage" : false
    }, {
      "name" : "是否登陆成功",
      "time" : {
        "start" : 1609300146735,
        "stop" : 1609300178205,
        "duration" : 31470
      },
      "status" : "broken",
      "statusMessage" : "selenium.common.exceptions.TimeoutException: Message: \n\n",
      "statusTrace" : "  File \"c:\\users\\guo\\appdata\\local\\programs\\python\\python38\\lib\\site-packages\\allure_commons\\_allure.py\", line 172, in impl\n    return func(*a, **kw)\n  File \"F:\\cim\\page\\page_login.py\", line 54, in page_get_error_info\n    return self.base_get_text(page.login_err_info)\n  File \"F:\\cim\\base\\base.py\", line 44, in base_get_text\n    return self.base_find(loc).text\n  File \"F:\\cim\\base\\base.py\", line 20, in base_find\n    return WebDriverWait(self.driver,\n  File \"c:\\users\\guo\\appdata\\local\\programs\\python\\python38\\lib\\site-packages\\selenium\\webdriver\\support\\wait.py\", line 80, in until\n    raise TimeoutException(message, screen, stacktrace)\n",
      "steps" : [ ],
      "attachments" : [ {
        "uid" : "a4738000c671424f",
        "name" : "截图",
        "source" : "a4738000c671424f.png",
        "type" : "image/png",
        "size" : 2800517
      } ],
      "parameters" : [ ],
      "stepsCount" : 0,
      "hasContent" : true,
      "attachmentsCount" : 1,
      "shouldDisplayMessage" : true
    } ],
    "attachments" : [ {
      "uid" : "97751dbb749210",
      "name" : "log",
      "source" : "97751dbb749210.txt",
      "type" : "text/plain",
      "size" : 2654
    } ],
    "parameters" : [ ],
    "stepsCount" : 5,
    "hasContent" : true,
    "attachmentsCount" : 2,
    "shouldDisplayMessage" : true
  },
  "afterStages" : [ {
    "name" : "_Class__pytest_setup_class::0",
    "time" : {
      "start" : 1609300178714,
      "stop" : 1609300180896,
      "duration" : 2182
    },
    "status" : "passed",
    "steps" : [ ],
    "attachments" : [ ],
    "parameters" : [ ],
    "stepsCount" : 0,
    "hasContent" : false,
    "attachmentsCount" : 0,
    "shouldDisplayMessage" : false
  } ],
  "labels" : [ {
    "name" : "story",
    "value" : "用户登录"
  }, {
    "name" : "feature",
    "value" : "绿色数字城市CIM基础平台"
  }, {
    "name" : "parentSuite",
    "value" : "scripts"
  }, {
    "name" : "suite",
    "value" : "test01_login"
  }, {
    "name" : "subSuite",
    "value" : "TestLogin"
  }, {
    "name" : "host",
    "value" : "Gxl"
  }, {
    "name" : "thread",
    "value" : "17360-MainThread"
  }, {
    "name" : "framework",
    "value" : "pytest"
  }, {
    "name" : "language",
    "value" : "cpython3"
  }, {
    "name" : "package",
    "value" : "scripts.test01_login"
  }, {
    "name" : "resultFormat",
    "value" : "allure2"
  } ],
  "parameters" : [ {
    "name" : "expect_result",
    "value" : "'系统管理员'"
  }, {
    "name" : "pwd",
    "value" : "'tydt_12345'"
  }, {
    "name" : "username",
    "value" : "'admin'"
  } ],
  "links" : [ ],
  "hidden" : false,
  "retry" : false,
  "extra" : {
    "severity" : "normal",
    "retries" : [ {
      "uid" : "5bca1c03cf873059",
      "status" : "broken",
      "statusDetails" : "selenium.common.exceptions.TimeoutException: Message:",
      "time" : {
        "start" : 1609299534506,
        "stop" : 1609299587316,
        "duration" : 52810
      }
    }, {
      "uid" : "182feeeeb1764015",
      "status" : "broken",
      "statusDetails" : "AttributeError: 'TestLogin' object has no attribute 'login'",
      "time" : {
        "start" : 1609297417738,
        "stop" : 1609297417738,
        "duration" : 0
      }
    }, {
      "uid" : "e729f3f1310edfa",
      "status" : "broken",
      "statusDetails" : "AttributeError: 'TestLogin' object has no attribute 'login'",
      "time" : {
        "start" : 1609297382990,
        "stop" : 1609297382990,
        "duration" : 0
      }
    } ],
    "categories" : [ {
      "name" : "Test defects",
      "matchedStatuses" : [ ],
      "flaky" : false
    } ],
    "tags" : [ ]
  },
  "source" : "3282f126dbdf467d.json",
  "parameterValues" : [ "'系统管理员'", "'tydt_12345'", "'admin'" ]
}